<?xml version="1.0" encoding="UTF-8"?>
<!-- Generated by org.testng.reporters.JUnitReportReporter -->
<testsuite hostname="ATMECSCBELT-022" failures="0" tests="5" name="org.atmecs.h3d.testscripts.LoginPage" time="6.080" errors="0" timestamp="2023-09-20T10:14:10 IST" skipped="0">
  <testcase classname="org.atmecs.h3d.testscripts.LoginPage" name="selectBrowser" time="2.968"/>
  <system-out/>
  <testcase classname="org.atmecs.h3d.testscripts.LoginPage" name="closeBrowser" time="0.326"/>
  <system-out/>
  <testcase classname="org.atmecs.h3d.testscripts.LoginPage" name="invalidCredentialsWithValidUsernameAndInvalidPassword" time="1.486"/>
  <system-out/>
  <testcase classname="org.atmecs.h3d.testscripts.LoginPage" name="invalidCredentialsWithInValidUsernameandValidPassword" time="0.814"/>
  <system-out/>
  <testcase classname="org.atmecs.h3d.testscripts.LoginPage" name="validCredentials" time="0.486"/>
  <system-out/>
</testsuite> <!-- org.atmecs.h3d.testscripts.LoginPage -->
