<?xml version="1.0" encoding="UTF-8"?>
<!-- Generated by org.testng.reporters.JUnitReportReporter -->
<testsuite hostname="ATMECSCBELT-022" failures="0" tests="1" name="org.atmecs.h3d.testscripts.Demo" time="33.508" errors="0" timestamp="2023-08-25T15:45:17 IST" skipped="0">
  <testcase classname="org.atmecs.h3d.testscripts.Demo" name="H3d" time="33.508"/>
  <system-out/>
</testsuite> <!-- org.atmecs.h3d.testscripts.Demo -->
